0 info it worked if it ends with ok
1 verbose cli [ 'C:\\Program Files (x86)\\nodejs\\node.exe',
1 verbose cli   'C:\\Users\\Nathan\\AppData\\Roaming\\npm\\node_modules\\npm\\bin\\npm-cli.js',
1 verbose cli   'version',
1 verbose cli   'major' ]
2 info using npm@3.10.9
3 info using node@v7.3.0
4 info git [ 'status', '--porcelain' ]
5 verbose stack Error: Git working directory not clean.
5 verbose stack MM README.md
5 verbose stack M installPeerDeps.js
5 verbose stack D  yarn-error.log
5 verbose stack     at C:\Users\Nathan\AppData\Roaming\npm\node_modules\npm\lib\version.js:247:19
5 verbose stack     at C:\Users\Nathan\AppData\Roaming\npm\node_modules\npm\lib\utils\no-progress-while-running.js:21:8
5 verbose stack     at ChildProcess.exithandler (child_process.js:202:7)
5 verbose stack     at emitTwo (events.js:106:13)
5 verbose stack     at ChildProcess.emit (events.js:191:7)
5 verbose stack     at maybeClose (internal/child_process.js:885:16)
5 verbose stack     at Socket.<anonymous> (internal/child_process.js:334:11)
5 verbose stack     at emitOne (events.js:96:13)
5 verbose stack     at Socket.emit (events.js:188:7)
5 verbose stack     at Pipe._handle.close [as _onclose] (net.js:501:12)
6 verbose cwd C:\Users\Nathan\Documents\CodeProjects\install-airbnb
7 error Windows_NT 10.0.14393
8 error argv "C:\\Program Files (x86)\\nodejs\\node.exe" "C:\\Users\\Nathan\\AppData\\Roaming\\npm\\node_modules\\npm\\bin\\npm-cli.js" "version" "major"
9 error node v7.3.0
10 error npm  v3.10.9
11 error Git working directory not clean.
11 error MM README.md
11 error M installPeerDeps.js
11 error D  yarn-error.log
12 error If you need help, you may report this error at:
12 error     <https://github.com/npm/npm/issues>
13 verbose exit [ 1, true ]
